# JRE version: OpenJDK Runtime Environment Temurin-21.0.9+10 (21.0.9+10) (build 21.0.9+10-LTS)
# Java VM: OpenJDK 64-Bit Server VM Temurin-21.0.9+10 (21.0.9+10-LTS, mixed mode, sharing, tiered, compressed oops, compressed class ptrs, parallel gc, windows-amd64)
GC Precious Log:
 CardTable entry size: 512
 CPUs: 32 total, 32 available
 Memory: 65291M
 Large Page Support: Disabled
 NUMA Support: Disabled
 Compressed Oops: Enabled (32-bit)
 Alignments: Space 512K, Generation 512K, Heap 2M
 Heap Min Capacity: 100M
 Heap Initial Capacity: 100M
 Heap Max Capacity: 2G
 Pre-touch: Disabled
 Parallel Workers: 23
Heap:
 PSYoungGen      total 4608K, used 2982K [0x00000000d5580000, 0x00000000d5b00000, 0x0000000100000000)
  eden space 3584K, 62% used [0x00000000d5580000,0x00000000d57b2848,0x00000000d5900000)
  from space 1024K, 71% used [0x00000000d5a00000,0x00000000d5ab70b0,0x00000000d5b00000)
  to   space 1024K, 0% used [0x00000000d5900000,0x00000000d5900000,0x00000000d5a00000)
 ParOldGen       total 427520K, used 201894K [0x0000000080000000, 0x000000009a180000, 0x00000000d5580000)
  object space 427520K, 47% used [0x0000000080000000,0x000000008c529bb8,0x000000009a180000)
 Metaspace       used 61922K, committed 63296K, reserved 1114112K
  class space    used 6520K, committed 7104K, reserved 1048576K
GC Heap History (20 events):
Event: 42.119 GC heap before
{Heap before GC invocations=340 (full 3):
 PSYoungGen      total 4608K, used 4590K [0x00000000d5580000, 0x00000000d5b80000, 0x0000000100000000)
  eden space 4096K, 100% used [0x00000000d5580000,0x00000000d5980000,0x00000000d5980000)
  from space 512K, 96% used [0x00000000d5b00000,0x00000000d5b7b928,0x00000000d5b80000)
  to   space 1024K, 0% used [0x00000000d5980000,0x00000000d5980000,0x00000000d5a80000)
 ParOldGen       total 427520K, used 198630K [0x0000000080000000, 0x000000009a180000, 0x00000000d5580000)
  object space 427520K, 46% used [0x0000000080000000,0x000000008c1f99b8,0x000000009a180000)
 Metaspace       used 61492K, committed 62848K, reserved 1114112K
  class space    used 6486K, committed 7040K, reserved 1048576K
}
Event: 42.120 GC heap after
{Heap after GC invocations=340 (full 3):
 PSYoungGen      total 5120K, used 996K [0x00000000d5580000, 0x00000000d5c80000, 0x0000000100000000)
  eden space 4096K, 0% used [0x00000000d5580000,0x00000000d5580000,0x00000000d5980000)
  from space 1024K, 97% used [0x00000000d5980000,0x00000000d5a79138,0x00000000d5a80000)
  to   space 1536K, 0% used [0x00000000d5b00000,0x00000000d5b00000,0x00000000d5c80000)
 ParOldGen       total 427520K, used 198940K [0x0000000080000000, 0x000000009a180000, 0x00000000d5580000)
  object space 427520K, 46% used [0x0000000080000000,0x000000008c247310,0x000000009a180000)
 Metaspace       used 61492K, committed 62848K, reserved 1114112K
  class space    used 6486K, committed 7040K, reserved 1048576K
}
Event: 42.194 GC heap before
{Heap before GC invocations=341 (full 3):
 PSYoungGen      total 5120K, used 5092K [0x00000000d5580000, 0x00000000d5c80000, 0x0000000100000000)
  eden space 4096K, 100% used [0x00000000d5580000,0x00000000d5980000,0x00000000d5980000)
  from space 1024K, 97% used [0x00000000d5980000,0x00000000d5a79138,0x00000000d5a80000)
  to   space 1536K, 0% used [0x00000000d5b00000,0x00000000d5b00000,0x00000000d5c80000)
 ParOldGen       total 427520K, used 198940K [0x0000000080000000, 0x000000009a180000, 0x00000000d5580000)
  object space 427520K, 46% used [0x0000000080000000,0x000000008c247310,0x000000009a180000)
 Metaspace       used 61519K, committed 62848K, reserved 1114112K
  class space    used 6486K, committed 7040K, reserved 1048576K
}
Event: 42.195 GC heap after
{Heap after GC invocations=341 (full 3):
 PSYoungGen      total 5120K, used 835K [0x00000000d5580000, 0x00000000d5c00000, 0x0000000100000000)
  eden space 4096K, 0% used [0x00000000d5580000,0x00000000d5580000,0x00000000d5980000)
  from space 1024K, 81% used [0x00000000d5b00000,0x00000000d5bd0c78,0x00000000d5c00000)
  to   space 1024K, 0% used [0x00000000d5980000,0x00000000d5980000,0x00000000d5a80000)
 ParOldGen       total 427520K, used 199464K [0x0000000080000000, 0x000000009a180000, 0x00000000d5580000)
  object space 427520K, 46% used [0x0000000080000000,0x000000008c2ca2c0,0x000000009a180000)
 Metaspace       used 61519K, committed 62848K, reserved 1114112K
  class space    used 6486K, committed 7040K, reserved 1048576K
}
Event: 42.333 GC heap before
{Heap before GC invocations=342 (full 3):
 PSYoungGen      total 5120K, used 4931K [0x00000000d5580000, 0x00000000d5c00000, 0x0000000100000000)
  eden space 4096K, 100% used [0x00000000d5580000,0x00000000d5980000,0x00000000d5980000)
  from space 1024K, 81% used [0x00000000d5b00000,0x00000000d5bd0c78,0x00000000d5c00000)
  to   space 1024K, 0% used [0x00000000d5980000,0x00000000d5980000,0x00000000d5a80000)
 ParOldGen       total 427520K, used 199464K [0x0000000080000000, 0x000000009a180000, 0x00000000d5580000)
  object space 427520K, 46% used [0x0000000080000000,0x000000008c2ca2c0,0x000000009a180000)
 Metaspace       used 61566K, committed 62912K, reserved 1114112K
  class space    used 6487K, committed 7040K, reserved 1048576K
}
Event: 42.334 GC heap after
{Heap after GC invocations=342 (full 3):
 PSYoungGen      total 5120K, used 800K [0x00000000d5580000, 0x00000000d5b80000, 0x0000000100000000)
  eden space 4096K, 0% used [0x00000000d5580000,0x00000000d5580000,0x00000000d5980000)
  from space 1024K, 78% used [0x00000000d5980000,0x00000000d5a48000,0x00000000d5a80000)
  to   space 1024K, 0% used [0x00000000d5a80000,0x00000000d5a80000,0x00000000d5b80000)
 ParOldGen       total 427520K, used 199779K [0x0000000080000000, 0x000000009a180000, 0x00000000d5580000)
  object space 427520K, 46% used [0x0000000080000000,0x000000008c318f38,0x000000009a180000)
 Metaspace       used 61566K, committed 62912K, reserved 1114112K
  class space    used 6487K, committed 7040K, reserved 1048576K
}
Event: 42.451 GC heap before
{Heap before GC invocations=343 (full 3):
 PSYoungGen      total 5120K, used 4896K [0x00000000d5580000, 0x00000000d5b80000, 0x0000000100000000)
  eden space 4096K, 100% used [0x00000000d5580000,0x00000000d5980000,0x00000000d5980000)
  from space 1024K, 78% used [0x00000000d5980000,0x00000000d5a48000,0x00000000d5a80000)
  to   space 1024K, 0% used [0x00000000d5a80000,0x00000000d5a80000,0x00000000d5b80000)
 ParOldGen       total 427520K, used 199779K [0x0000000080000000, 0x000000009a180000, 0x00000000d5580000)
  object space 427520K, 46% used [0x0000000080000000,0x000000008c318f38,0x000000009a180000)
 Metaspace       used 61593K, committed 62912K, reserved 1114112K
  class space    used 6490K, committed 7040K, reserved 1048576K
}
Event: 42.452 GC heap after
{Heap after GC invocations=343 (full 3):
 PSYoungGen      total 4608K, used 1006K [0x00000000d5580000, 0x00000000d5c80000, 0x0000000100000000)
  eden space 3584K, 0% used [0x00000000d5580000,0x00000000d5580000,0x00000000d5900000)
  from space 1024K, 98% used [0x00000000d5a80000,0x00000000d5b7b9b8,0x00000000d5b80000)
  to   space 1536K, 0% used [0x00000000d5900000,0x00000000d5900000,0x00000000d5a80000)
 ParOldGen       total 427520K, used 200079K [0x0000000080000000, 0x000000009a180000, 0x00000000d5580000)
  object space 427520K, 46% used [0x0000000080000000,0x000000008c363c78,0x000000009a180000)
 Metaspace       used 61593K, committed 62912K, reserved 1114112K
  class space    used 6490K, committed 7040K, reserved 1048576K
}
Event: 42.509 GC heap before
{Heap before GC invocations=344 (full 3):
 PSYoungGen      total 4608K, used 4590K [0x00000000d5580000, 0x00000000d5c80000, 0x0000000100000000)
  eden space 3584K, 100% used [0x00000000d5580000,0x00000000d5900000,0x00000000d5900000)
  from space 1024K, 98% used [0x00000000d5a80000,0x00000000d5b7b9b8,0x00000000d5b80000)
  to   space 1536K, 0% used [0x00000000d5900000,0x00000000d5900000,0x00000000d5a80000)
 ParOldGen       total 427520K, used 200079K [0x0000000080000000, 0x000000009a180000, 0x00000000d5580000)
  object space 427520K, 46% used [0x0000000080000000,0x000000008c363c78,0x000000009a180000)
 Metaspace       used 61636K, committed 62912K, reserved 1114112K
  class space    used 6493K, committed 7040K, reserved 1048576K
}
Event: 42.509 GC heap after
{Heap after GC invocations=344 (full 3):
 PSYoungGen      total 4608K, used 669K [0x00000000d5580000, 0x00000000d5b00000, 0x0000000100000000)
  eden space 3584K, 0% used [0x00000000d5580000,0x00000000d5580000,0x00000000d5900000)
  from space 1024K, 65% used [0x00000000d5900000,0x00000000d59a77f8,0x00000000d5a00000)
  to   space 1024K, 0% used [0x00000000d5a00000,0x00000000d5a00000,0x00000000d5b00000)
 ParOldGen       total 427520K, used 200413K [0x0000000080000000, 0x000000009a180000, 0x00000000d5580000)
  object space 427520K, 46% used [0x0000000080000000,0x000000008c3b7498,0x000000009a180000)
 Metaspace       used 61636K, committed 62912K, reserved 1114112K
  class space    used 6493K, committed 7040K, reserved 1048576K
}
Event: 42.574 GC heap before
{Heap before GC invocations=345 (full 3):
 PSYoungGen      total 4608K, used 4253K [0x00000000d5580000, 0x00000000d5b00000, 0x0000000100000000)
  eden space 3584K, 100% used [0x00000000d5580000,0x00000000d5900000,0x00000000d5900000)
  from space 1024K, 65% used [0x00000000d5900000,0x00000000d59a77f8,0x00000000d5a00000)
  to   space 1024K, 0% used [0x00000000d5a00000,0x00000000d5a00000,0x00000000d5b00000)
 ParOldGen       total 427520K, used 200413K [0x0000000080000000, 0x000000009a180000, 0x00000000d5580000)
  object space 427520K, 46% used [0x0000000080000000,0x000000008c3b7498,0x000000009a180000)
 Metaspace       used 61640K, committed 62912K, reserved 1114112K
  class space    used 6493K, committed 7040K, reserved 1048576K
}
Event: 42.575 GC heap after
{Heap after GC invocations=345 (full 3):
 PSYoungGen      total 4608K, used 901K [0x00000000d5580000, 0x00000000d5b00000, 0x0000000100000000)
  eden space 3584K, 0% used [0x00000000d5580000,0x00000000d5580000,0x00000000d5900000)
  from space 1024K, 88% used [0x00000000d5a00000,0x00000000d5ae1718,0x00000000d5b00000)
  to   space 1024K, 0% used [0x00000000d5900000,0x00000000d5900000,0x00000000d5a00000)
 ParOldGen       total 427520K, used 200679K [0x0000000080000000, 0x000000009a180000, 0x00000000d5580000)
  object space 427520K, 46% used [0x0000000080000000,0x000000008c3f9f70,0x000000009a180000)
 Metaspace       used 61640K, committed 62912K, reserved 1114112K
  class space    used 6493K, committed 7040K, reserved 1048576K
}
Event: 42.641 GC heap before
{Heap before GC invocations=346 (full 3):
 PSYoungGen      total 4608K, used 4485K [0x00000000d5580000, 0x00000000d5b00000, 0x0000000100000000)
  eden space 3584K, 100% used [0x00000000d5580000,0x00000000d5900000,0x00000000d5900000)
  from space 1024K, 88% used [0x00000000d5a00000,0x00000000d5ae1718,0x00000000d5b00000)
  to   space 1024K, 0% used [0x00000000d5900000,0x00000000d5900000,0x00000000d5a00000)
 ParOldGen       total 427520K, used 200679K [0x0000000080000000, 0x000000009a180000, 0x00000000d5580000)
  object space 427520K, 46% used [0x0000000080000000,0x000000008c3f9f70,0x000000009a180000)
 Metaspace       used 61653K, committed 63040K, reserved 1114112K
  class space    used 6495K, committed 7104K, reserved 1048576K
}
Event: 42.641 GC heap after
{Heap after GC invocations=346 (full 3):
 PSYoungGen      total 4608K, used 750K [0x00000000d5580000, 0x00000000d5b00000, 0x0000000100000000)
  eden space 3584K, 0% used [0x00000000d5580000,0x00000000d5580000,0x00000000d5900000)
  from space 1024K, 73% used [0x00000000d5900000,0x00000000d59bb9b8,0x00000000d5a00000)
  to   space 1024K, 0% used [0x00000000d5a00000,0x00000000d5a00000,0x00000000d5b00000)
 ParOldGen       total 427520K, used 201053K [0x0000000080000000, 0x000000009a180000, 0x00000000d5580000)
  object space 427520K, 47% used [0x0000000080000000,0x000000008c457448,0x000000009a180000)
 Metaspace       used 61653K, committed 63040K, reserved 1114112K
  class space    used 6495K, committed 7104K, reserved 1048576K
}
Event: 42.736 GC heap before
{Heap before GC invocations=347 (full 3):
 PSYoungGen      total 4608K, used 4334K [0x00000000d5580000, 0x00000000d5b00000, 0x0000000100000000)
  eden space 3584K, 100% used [0x00000000d5580000,0x00000000d5900000,0x00000000d5900000)
  from space 1024K, 73% used [0x00000000d5900000,0x00000000d59bb9b8,0x00000000d5a00000)
  to   space 1024K, 0% used [0x00000000d5a00000,0x00000000d5a00000,0x00000000d5b00000)
 ParOldGen       total 427520K, used 201053K [0x0000000080000000, 0x000000009a180000, 0x00000000d5580000)
  object space 427520K, 47% used [0x0000000080000000,0x000000008c457448,0x000000009a180000)
 Metaspace       used 61657K, committed 63040K, reserved 1114112K
  class space    used 6495K, committed 7104K, reserved 1048576K
}
Event: 42.736 GC heap after
{Heap after GC invocations=347 (full 3):
 PSYoungGen      total 4608K, used 736K [0x00000000d5580000, 0x00000000d5b00000, 0x0000000100000000)
  eden space 3584K, 0% used [0x00000000d5580000,0x00000000d5580000,0x00000000d5900000)
  from space 1024K, 71% used [0x00000000d5a00000,0x00000000d5ab8000,0x00000000d5b00000)
  to   space 1024K, 0% used [0x00000000d5900000,0x00000000d5900000,0x00000000d5a00000)
 ParOldGen       total 427520K, used 201371K [0x0000000080000000, 0x000000009a180000, 0x00000000d5580000)
  object space 427520K, 47% used [0x0000000080000000,0x000000008c4a6c78,0x000000009a180000)
 Metaspace       used 61657K, committed 63040K, reserved 1114112K
  class space    used 6495K, committed 7104K, reserved 1048576K
}
Event: 42.829 GC heap before
{Heap before GC invocations=348 (full 3):
 PSYoungGen      total 4608K, used 4320K [0x00000000d5580000, 0x00000000d5b00000, 0x0000000100000000)
  eden space 3584K, 100% used [0x00000000d5580000,0x00000000d5900000,0x00000000d5900000)
  from space 1024K, 71% used [0x00000000d5a00000,0x00000000d5ab8000,0x00000000d5b00000)
  to   space 1024K, 0% used [0x00000000d5900000,0x00000000d5900000,0x00000000d5a00000)
 ParOldGen       total 427520K, used 201371K [0x0000000080000000, 0x000000009a180000, 0x00000000d5580000)
  object space 427520K, 47% used [0x0000000080000000,0x000000008c4a6c78,0x000000009a180000)
 Metaspace       used 61661K, committed 63040K, reserved 1114112K
  class space    used 6495K, committed 7104K, reserved 1048576K
}
Event: 42.830 GC heap after
{Heap after GC invocations=348 (full 3):
 PSYoungGen      total 4608K, used 736K [0x00000000d5580000, 0x00000000d5b00000, 0x0000000100000000)
  eden space 3584K, 0% used [0x00000000d5580000,0x00000000d5580000,0x00000000d5900000)
  from space 1024K, 71% used [0x00000000d5900000,0x00000000d59b8000,0x00000000d5a00000)
  to   space 1024K, 0% used [0x00000000d5a00000,0x00000000d5a00000,0x00000000d5b00000)
 ParOldGen       total 427520K, used 201633K [0x0000000080000000, 0x000000009a180000, 0x00000000d5580000)
  object space 427520K, 47% used [0x0000000080000000,0x000000008c4e86b0,0x000000009a180000)
 Metaspace       used 61661K, committed 63040K, reserved 1114112K
  class space    used 6495K, committed 7104K, reserved 1048576K
}
Event: 339.203 GC heap before
{Heap before GC invocations=349 (full 3):
 PSYoungGen      total 4608K, used 4320K [0x00000000d5580000, 0x00000000d5b00000, 0x0000000100000000)
  eden space 3584K, 100% used [0x00000000d5580000,0x00000000d5900000,0x00000000d5900000)
  from space 1024K, 71% used [0x00000000d5900000,0x00000000d59b8000,0x00000000d5a00000)
  to   space 1024K, 0% used [0x00000000d5a00000,0x00000000d5a00000,0x00000000d5b00000)
 ParOldGen       total 427520K, used 201633K [0x0000000080000000, 0x000000009a180000, 0x00000000d5580000)
  object space 427520K, 47% used [0x0000000080000000,0x000000008c4e86b0,0x000000009a180000)
 Metaspace       used 61757K, committed 63168K, reserved 1114112K
  class space    used 6510K, committed 7104K, reserved 1048576K
}
Event: 339.207 GC heap after
{Heap after GC invocations=349 (full 3):
 PSYoungGen      total 4608K, used 732K [0x00000000d5580000, 0x00000000d5b00000, 0x0000000100000000)
  eden space 3584K, 0% used [0x00000000d5580000,0x00000000d5580000,0x00000000d5900000)
  from space 1024K, 71% used [0x00000000d5a00000,0x00000000d5ab70b0,0x00000000d5b00000)
  to   space 1024K, 0% used [0x00000000d5900000,0x00000000d5900000,0x00000000d5a00000)
 ParOldGen       total 427520K, used 201894K [0x0000000080000000, 0x000000009a180000, 0x00000000d5580000)
  object space 427520K, 47% used [0x0000000080000000,0x000000008c529bb8,0x000000009a180000)
 Metaspace       used 61757K, committed 63168K, reserved 1114112K
  class space    used 6510K, committed 7104K, reserved 1048576K
}

